<?xml version="1.0" encoding="UTF-8"?>
<!-- Generated by org.testng.reporters.JUnitXMLReporter -->
<testsuite ignored="3" hostname="DESKTOP-7Q921NC" failures="0" tests="1" name="Test" time="0.046" errors="0" timestamp="2022-03-08T12:25:17 IST">
  <testcase classname="com.Ignore.IgnorePgm" name="laPtop" time="0.009"/>
  <testcase classname="com.Ignore.IgnorePgm" name="sHoes" time="0.0">
    <ignored/>
  </testcase> <!-- sHoes -->
  <testcase classname="com.Ignore.IgnorePgm" name="wAtch" time="0.0">
    <ignored/>
  </testcase> <!-- wAtch -->
  <testcase classname="com.Ignore.IgnorePgm" name="rEdmi" time="0.0">
    <ignored/>
  </testcase> <!-- rEdmi -->
</testsuite> <!-- Test -->
